/home/p_gnngw/miniconda3/envs/directed_gnn/lib/python3.10/site-packages/torch_geometric/nn/conv/message_passing.py:972: UserWarning: 'GATConv.jittable' is deprecated and a no-op. Please remove its usage.
  warnings.warn(f"'{self.__class__.__name__}.jittable' is deprecated "
device : cuda
  0%|          | 0/20 [00:00<?, ?it/s]  0%|          | 0/20 [00:06<?, ?it/s]
Traceback (most recent call last):
  File "/project/p_gnn001/code/tsp/atsp/src/train.py", line 231, in <module>
    run(args)
  File "/project/p_gnn001/code/tsp/atsp/src/train.py", line 175, in run
    epoch_loss = train(model, train_loader, criterion, optimizer, args)
  File "/project/p_gnn001/code/tsp/atsp/src/train.py", line 45, in train
    y_pred = model(list(batch.edge_index_dict.values()), x)
  File "/home/p_gnngw/miniconda3/envs/directed_gnn/lib/python3.10/site-packages/torch/nn/modules/module.py", line 1501, in _call_impl
    return forward_call(*args, **kwargs)
  File "/project/p_gnn001/code/tsp/atsp/src/model.py", line 301, in forward
    x_dict = gnn_layer(x_dict, edge_index_dict)
  File "/home/p_gnngw/miniconda3/envs/directed_gnn/lib/python3.10/site-packages/torch/nn/modules/module.py", line 1501, in _call_impl
    return forward_call(*args, **kwargs)
  File "/project/p_gnn001/code/tsp/atsp/src/model.py", line 275, in forward
    out = conv((x_dict[self.node_type], x_dict[self.node_type]), edge_index)
  File "/home/p_gnngw/miniconda3/envs/directed_gnn/lib/python3.10/site-packages/torch/nn/modules/module.py", line 1501, in _call_impl
    return forward_call(*args, **kwargs)
  File "/home/p_gnngw/miniconda3/envs/directed_gnn/lib/python3.10/site-packages/torch_geometric/nn/conv/gat_conv.py", line 337, in forward
    alpha = self.edge_updater(edge_index, alpha=alpha, edge_attr=edge_attr,
  File "/tmp/slurm-7583537/torch_geometric.nn.conv.gat_conv_GATConv_edge_updater_a7kzcs04.py", line 169, in edge_updater
    out = self.edge_update(
  File "/home/p_gnngw/miniconda3/envs/directed_gnn/lib/python3.10/site-packages/torch_geometric/nn/conv/gat_conv.py", line 381, in edge_update
    alpha = softmax(alpha, index, ptr, dim_size)
  File "/home/p_gnngw/miniconda3/envs/directed_gnn/lib/python3.10/site-packages/torch_geometric/utils/_softmax.py", line 73, in softmax
    src_max = scatter(src.detach(), index, dim, dim_size=N, reduce='max')
  File "/home/p_gnngw/miniconda3/envs/directed_gnn/lib/python3.10/site-packages/torch_geometric/utils/_scatter.py", line 100, in scatter
    return src.new_zeros(size).scatter_reduce_(
RuntimeError: scatter(): Expected dtype int64 for index
