Traceback (most recent call last):
  File "/project/p_gnn001/code/tsp/atsp/src/test_fun.py", line 300, in <module>
    model = RGCN4(in_feats=1, hid_feats=32, out_feats=1, rel_names=['ss', 'st', 'ts', 'tt', 'pp'])
  File "/project/p_gnn001/code/tsp/atsp/src/test_fun.py", line 283, in __init__
    conv_dict = {rel: CustomGATConv(hid_feats, hid_feats // n_heads, heads=n_heads, add_self_loops=False).jittable('(Tensor, Tensor, OptTensor) -> Tensor') for rel in self.rel_names}
  File "/project/p_gnn001/code/tsp/atsp/src/test_fun.py", line 283, in <dictcomp>
    conv_dict = {rel: CustomGATConv(hid_feats, hid_feats // n_heads, heads=n_heads, add_self_loops=False).jittable('(Tensor, Tensor, OptTensor) -> Tensor') for rel in self.rel_names}
  File "/project/p_gnn001/code/tsp/atsp/src/test_fun.py", line 249, in jittable
    return torch.jit.script(self)
  File "/home/p_gnngw/miniconda3/envs/directed_gnn/lib/python3.10/site-packages/torch/jit/_script.py", line 1284, in script
    return torch.jit._recursive.create_script_module(
  File "/home/p_gnngw/miniconda3/envs/directed_gnn/lib/python3.10/site-packages/torch/jit/_recursive.py", line 480, in create_script_module
    return create_script_module_impl(nn_module, concrete_type, stubs_fn)
  File "/home/p_gnngw/miniconda3/envs/directed_gnn/lib/python3.10/site-packages/torch/jit/_recursive.py", line 546, in create_script_module_impl
    create_methods_and_properties_from_stubs(concrete_type, method_stubs, property_stubs)
  File "/home/p_gnngw/miniconda3/envs/directed_gnn/lib/python3.10/site-packages/torch/jit/_recursive.py", line 397, in create_methods_and_properties_from_stubs
    concrete_type._create_methods_and_properties(property_defs, property_rcbs, method_defs, method_rcbs, method_defaults)
  File "/home/p_gnngw/miniconda3/envs/directed_gnn/lib/python3.10/site-packages/torch/jit/_recursive.py", line 894, in compile_unbound_method
    stub = make_stub(fn, fn.__name__)
  File "/home/p_gnngw/miniconda3/envs/directed_gnn/lib/python3.10/site-packages/torch/jit/_recursive.py", line 58, in make_stub
    ast = get_jit_def(func, name, self_name="RecursiveScriptModule")
  File "/home/p_gnngw/miniconda3/envs/directed_gnn/lib/python3.10/site-packages/torch/jit/frontend.py", line 297, in get_jit_def
    return build_def(parsed_def.ctx, fn_def, type_line, def_name, self_name=self_name, pdt_arg_types=pdt_arg_types)
  File "/home/p_gnngw/miniconda3/envs/directed_gnn/lib/python3.10/site-packages/torch/jit/frontend.py", line 335, in build_def
    param_list = build_param_list(ctx, py_def.args, self_name, pdt_arg_types)
  File "/home/p_gnngw/miniconda3/envs/directed_gnn/lib/python3.10/site-packages/torch/jit/frontend.py", line 359, in build_param_list
    raise NotSupportedError(ctx_range, _vararg_kwarg_err)
torch.jit.frontend.NotSupportedError: Compiled functions can't take variable number of arguments or use keyword-only arguments with defaults:
  File "/home/p_gnngw/miniconda3/envs/directed_gnn/lib/python3.10/site-packages/torch_geometric/nn/conv/message_passing.py", line 459
        edge_index: Adj,
        size: Size = None,
        **kwargs: Any,
         ~~~~~~~ <--- HERE
    ) -> Tensor:
        r"""The initial call to start propagating messages.

