Traceback (most recent call last):
  File "/project/p_gnn001/code/tsp/atsp/src/test_fun.py", line 304, in <module>
    y_pred = model(batch, x)
             ^^^^^^^^^^^^^^^
  File "/home/p_gnngw/miniconda3/envs/cuda118/lib/python3.12/site-packages/torch/nn/modules/module.py", line 1511, in _wrapped_call_impl
    return self._call_impl(*args, **kwargs)
           ^^^^^^^^^^^^^^^^^^^^^^^^^^^^^^^^
  File "/home/p_gnngw/miniconda3/envs/cuda118/lib/python3.12/site-packages/torch/nn/modules/module.py", line 1520, in _call_impl
    return forward_call(*args, **kwargs)
           ^^^^^^^^^^^^^^^^^^^^^^^^^^^^^
  File "/project/p_gnn001/code/tsp/atsp/src/test_fun.py", line 280, in forward
    h = self.decision_layer(torch.cat([x_dict['node1']], dim=1))
        ^^^^^^^^^^^^^^^^^^^^^^^^^^^^^^^^^^^^^^^^^^^^^^^^^^^^^^^^
  File "/home/p_gnngw/miniconda3/envs/cuda118/lib/python3.12/site-packages/torch/nn/modules/module.py", line 1511, in _wrapped_call_impl
    return self._call_impl(*args, **kwargs)
           ^^^^^^^^^^^^^^^^^^^^^^^^^^^^^^^^
  File "/home/p_gnngw/miniconda3/envs/cuda118/lib/python3.12/site-packages/torch/nn/modules/module.py", line 1520, in _call_impl
    return forward_call(*args, **kwargs)
           ^^^^^^^^^^^^^^^^^^^^^^^^^^^^^
  File "/project/p_gnn001/code/tsp/atsp/src/test_fun.py", line 236, in forward
    h = self.relu(self.batch_norm(self.linears[0](h)))
                                  ^^^^^^^^^^^^^^^^^^
  File "/home/p_gnngw/miniconda3/envs/cuda118/lib/python3.12/site-packages/torch/nn/modules/module.py", line 1511, in _wrapped_call_impl
    return self._call_impl(*args, **kwargs)
           ^^^^^^^^^^^^^^^^^^^^^^^^^^^^^^^^
  File "/home/p_gnngw/miniconda3/envs/cuda118/lib/python3.12/site-packages/torch/nn/modules/module.py", line 1520, in _call_impl
    return forward_call(*args, **kwargs)
           ^^^^^^^^^^^^^^^^^^^^^^^^^^^^^
  File "/home/p_gnngw/miniconda3/envs/cuda118/lib/python3.12/site-packages/torch/nn/modules/linear.py", line 116, in forward
    return F.linear(input, self.weight, self.bias)
           ^^^^^^^^^^^^^^^^^^^^^^^^^^^^^^^^^^^^^^^
RuntimeError: mat1 and mat2 shapes cannot be multiplied (4032x32 and 160x32)
